<?xml version="1.0" encoding="UTF-8"?>
<!-- Generated by org.testng.reporters.JUnitReportReporter -->
<testsuite hostname="SHI58495EU1003F" name="ReadingCapFromProperties" tests="1" failures="0" timestamp="18 Mar 2017 15:21:14 GMT" time="23.668" errors="0">
  <testcase name="openApp" time="23.668" classname="ReadingCapFromProperties"/>
</testsuite> <!-- ReadingCapFromProperties -->
