<?xml version="1.0" encoding="UTF-8"?>
<!-- Generated by org.testng.reporters.JUnitReportReporter -->
<testsuite hostname="SHI58495EU1003F" name="appiumactions.RedmiGallery" tests="1" failures="0" timestamp="25 Mar 2017 06:14:49 GMT" time="39.494" errors="0">
  <testcase name="startApp" time="39.494" classname="appiumactions.RedmiGallery"/>
</testsuite> <!-- appiumactions.RedmiGallery -->
