<?xml version="1.0" encoding="UTF-8"?>
<!-- Generated by org.testng.reporters.JUnitReportReporter -->
<testsuite hostname="SHI58495EU1003F" name="Swipe" tests="1" failures="0" timestamp="24 Mar 2017 18:39:29 GMT" time="68.515" errors="0">
  <testcase name="swipe" time="68.515" classname="Swipe"/>
</testsuite> <!-- Swipe -->
