<?xml version="1.0" encoding="UTF-8"?>
<!-- Generated by org.testng.reporters.JUnitReportReporter -->
<testsuite hostname="SHI58495EU1003F" name="appiumactions.ToastMessage" tests="1" failures="0" timestamp="27 Mar 2017 18:24:36 GMT" time="30.515" errors="0">
  <testcase name="verifyToastMessage" time="30.515" classname="appiumactions.ToastMessage"/>
</testsuite> <!-- appiumactions.ToastMessage -->
